<?xml version="1.0" encoding="UTF-8"?>
<testng-results ignored="0" total="1" passed="1" failed="0" skipped="0">
  <reporter-output>
  </reporter-output>
  <suite started-at="2025-01-22T11:38:55 IST" name="Default suite" finished-at="2025-01-22T11:39:47 IST" duration-ms="51554">
    <groups>
    </groups>
    <test started-at="2025-01-22T11:38:55 IST" name="Default test" finished-at="2025-01-22T11:39:47 IST" duration-ms="51554">
      <class name="extentReports.AddScreenshotToReport">
        <test-method signature="addScreenshot()[pri:0, instance:extentReports.AddScreenshotToReport@5ffead27]" started-at="2025-01-22T11:38:55 IST" name="addScreenshot" finished-at="2025-01-22T11:39:47 IST" duration-ms="51371" status="PASS">
          <reporter-output>
          </reporter-output>
        </test-method> <!-- addScreenshot -->
      </class> <!-- extentReports.AddScreenshotToReport -->
    </test> <!-- Default test -->
  </suite> <!-- Default suite -->
</testng-results>
